  [1m[35m (0.1ms)[0m  [1m[34mSELECT sqlite_version(*)[0m
  ↳ bin/rails:9
  [1m[35m (2.0ms)[0m  [1m[35mCREATE TABLE "schema_migrations" ("version" varchar NOT NULL PRIMARY KEY)[0m
  ↳ bin/rails:9
  [1m[35m (1.3ms)[0m  [1m[35mCREATE TABLE "ar_internal_metadata" ("key" varchar NOT NULL PRIMARY KEY, "value" varchar, "created_at" datetime NOT NULL, "updated_at" datetime NOT NULL)[0m
  ↳ bin/rails:9
  [1m[35m (0.2ms)[0m  [1m[34mSELECT "schema_migrations"."version" FROM "schema_migrations" ORDER BY "schema_migrations"."version" ASC[0m
  ↳ bin/rails:9
Migrating to CreateUsers (20190816141852)
  [1m[35m (0.1ms)[0m  [1m[36mbegin transaction[0m
  ↳ bin/rails:9
  [1m[35m (0.4ms)[0m  [1m[35mCREATE TABLE "users" ("id" integer PRIMARY KEY AUTOINCREMENT NOT NULL, "name" varchar, "username" varchar, "created_at" datetime NOT NULL, "updated_at" datetime NOT NULL)[0m
  ↳ db/migrate/20190816141852_create_users.rb:3
  [1m[36mActiveRecord::SchemaMigration Create (0.2ms)[0m  [1m[32mINSERT INTO "schema_migrations" ("version") VALUES (?)[0m  [["version", "20190816141852"]]
  ↳ bin/rails:9
  [1m[35m (1.1ms)[0m  [1m[36mcommit transaction[0m
  ↳ bin/rails:9
Migrating to CreateWorkouts (20190816142059)
  [1m[35m (0.1ms)[0m  [1m[36mbegin transaction[0m
  ↳ bin/rails:9
  [1m[35m (0.4ms)[0m  [1m[35mCREATE TABLE "workouts" ("id" integer PRIMARY KEY AUTOINCREMENT NOT NULL, "name" varchar, "description" text, "video_url" varchar, "notes" text, "created_at" datetime NOT NULL, "updated_at" datetime NOT NULL)[0m
  ↳ db/migrate/20190816142059_create_workouts.rb:3
  [1m[36mActiveRecord::SchemaMigration Create (0.2ms)[0m  [1m[32mINSERT INTO "schema_migrations" ("version") VALUES (?)[0m  [["version", "20190816142059"]]
  ↳ bin/rails:9
  [1m[35m (0.9ms)[0m  [1m[36mcommit transaction[0m
  ↳ bin/rails:9
Migrating to CreateUserWorkouts (20190816142248)
  [1m[35m (0.1ms)[0m  [1m[36mbegin transaction[0m
  ↳ bin/rails:9
  [1m[35m (0.7ms)[0m  [1m[35mCREATE TABLE "user_workouts" ("id" integer PRIMARY KEY AUTOINCREMENT NOT NULL, "user_id" integer, "workout_id" integer, "day_id" integer, "created_at" datetime NOT NULL, "updated_at" datetime NOT NULL, CONSTRAINT "fk_rails_de44bb68d8"
FOREIGN KEY ("user_id")
  REFERENCES "users" ("id")
, CONSTRAINT "fk_rails_99c3ce76e4"
FOREIGN KEY ("workout_id")
  REFERENCES "workouts" ("id")
)[0m
  ↳ db/migrate/20190816142248_create_user_workouts.rb:3
  [1m[35m (0.1ms)[0m  [1m[35mCREATE  INDEX "index_user_workouts_on_user_id" ON "user_workouts" ("user_id")[0m
  ↳ db/migrate/20190816142248_create_user_workouts.rb:3
  [1m[35m (0.1ms)[0m  [1m[35mCREATE  INDEX "index_user_workouts_on_workout_id" ON "user_workouts" ("workout_id")[0m
  ↳ db/migrate/20190816142248_create_user_workouts.rb:3
  [1m[36mActiveRecord::SchemaMigration Create (0.2ms)[0m  [1m[32mINSERT INTO "schema_migrations" ("version") VALUES (?)[0m  [["version", "20190816142248"]]
  ↳ bin/rails:9
  [1m[35m (0.9ms)[0m  [1m[36mcommit transaction[0m
  ↳ bin/rails:9
  [1m[36mActiveRecord::InternalMetadata Load (0.1ms)[0m  [1m[34mSELECT  "ar_internal_metadata".* FROM "ar_internal_metadata" WHERE "ar_internal_metadata"."key" = ? LIMIT ?[0m  [["key", "environment"], ["LIMIT", 1]]
  ↳ bin/rails:9
  [1m[35m (0.0ms)[0m  [1m[36mbegin transaction[0m
  ↳ bin/rails:9
  [1m[36mActiveRecord::InternalMetadata Create (0.3ms)[0m  [1m[32mINSERT INTO "ar_internal_metadata" ("key", "value", "created_at", "updated_at") VALUES (?, ?, ?, ?)[0m  [["key", "environment"], ["value", "development"], ["created_at", "2019-08-16 14:24:08.402801"], ["updated_at", "2019-08-16 14:24:08.402801"]]
  ↳ bin/rails:9
  [1m[35m (0.6ms)[0m  [1m[36mcommit transaction[0m
  ↳ bin/rails:9
  [1m[35m (0.1ms)[0m  [1m[34mSELECT "schema_migrations"."version" FROM "schema_migrations" ORDER BY "schema_migrations"."version" ASC[0m
  ↳ bin/rails:9
  [1m[35m (0.4ms)[0m  [1m[34mSELECT "schema_migrations"."version" FROM "schema_migrations" ORDER BY "schema_migrations"."version" ASC[0m
  ↳ bin/rails:9
  [1m[35m (0.4ms)[0m  [1m[34mSELECT "schema_migrations"."version" FROM "schema_migrations" ORDER BY "schema_migrations"."version" ASC[0m
  ↳ bin/rails:9
  [1m[36mUser Load (0.4ms)[0m  [1m[34mSELECT "users".* FROM "users"[0m
  ↳ db/seeds.rb:9
  [1m[36mWorkout Load (0.9ms)[0m  [1m[34mSELECT "workouts".* FROM "workouts"[0m
  ↳ db/seeds.rb:10
  [1m[35m (0.3ms)[0m  [1m[34mSELECT "schema_migrations"."version" FROM "schema_migrations" ORDER BY "schema_migrations"."version" ASC[0m
  ↳ bin/rails:9
  [1m[36mUser Load (0.3ms)[0m  [1m[34mSELECT "users".* FROM "users"[0m
  ↳ db/seeds.rb:9
  [1m[36mWorkout Load (0.2ms)[0m  [1m[34mSELECT "workouts".* FROM "workouts"[0m
  ↳ db/seeds.rb:10
  [1m[35m (0.3ms)[0m  [1m[34mSELECT "schema_migrations"."version" FROM "schema_migrations" ORDER BY "schema_migrations"."version" ASC[0m
  ↳ bin/rails:9
  [1m[36mUser Load (0.2ms)[0m  [1m[34mSELECT "users".* FROM "users"[0m
  ↳ db/seeds.rb:9
  [1m[36mWorkout Load (0.2ms)[0m  [1m[34mSELECT "workouts".* FROM "workouts"[0m
  ↳ db/seeds.rb:10
  [1m[35m (0.0ms)[0m  [1m[36mbegin transaction[0m
  ↳ db/seeds.rb:12
  [1m[36mUser Create (0.6ms)[0m  [1m[32mINSERT INTO "users" ("name", "username", "created_at", "updated_at") VALUES (?, ?, ?, ?)[0m  [["name", "Nick"], ["username", "ruggierine"], ["created_at", "2019-08-16 14:49:14.355085"], ["updated_at", "2019-08-16 14:49:14.355085"]]
  ↳ db/seeds.rb:12
  [1m[35m (0.7ms)[0m  [1m[36mcommit transaction[0m
  ↳ db/seeds.rb:12
  [1m[35m (0.0ms)[0m  [1m[36mbegin transaction[0m
  ↳ db/seeds.rb:13
  [1m[36mUser Create (0.2ms)[0m  [1m[32mINSERT INTO "users" ("name", "username", "created_at", "updated_at") VALUES (?, ?, ?, ?)[0m  [["name", "Rob"], ["username", "cyberRob"], ["created_at", "2019-08-16 14:49:14.359502"], ["updated_at", "2019-08-16 14:49:14.359502"]]
  ↳ db/seeds.rb:13
  [1m[35m (1.0ms)[0m  [1m[36mcommit transaction[0m
  ↳ db/seeds.rb:13
  [1m[35m (0.0ms)[0m  [1m[36mbegin transaction[0m
  ↳ db/seeds.rb:14
  [1m[36mUser Create (0.3ms)[0m  [1m[32mINSERT INTO "users" ("name", "username", "created_at", "updated_at") VALUES (?, ?, ?, ?)[0m  [["name", "Sam"], ["username", "pickyeater25"], ["created_at", "2019-08-16 14:49:14.363403"], ["updated_at", "2019-08-16 14:49:14.363403"]]
  ↳ db/seeds.rb:14
  [1m[35m (1.1ms)[0m  [1m[36mcommit transaction[0m
  ↳ db/seeds.rb:14
  [1m[35m (0.0ms)[0m  [1m[36mbegin transaction[0m
  ↳ db/seeds.rb:16
  [1m[36mWorkout Create (0.3ms)[0m  [1m[32mINSERT INTO "workouts" ("name", "description", "video_url", "notes", "created_at", "updated_at") VALUES (?, ?, ?, ?, ?, ?)[0m  [["name", "Dumbbell Bicep Curls"], ["description", "Hold the barbell with both hands facing up so the wrists, elbows, and shoulders are in a straight line about shoulder-width apart. Lift the barbell toward the shoulders while bending the elbows and keeping them next to the middle of the body. Slowly lower the weight to return to the starting position. Keep chest still, using just the arms for the movement."], ["video_url", "https://youtu.be/cBSD6mQIPQk"], ["notes", "3x10 for 3-4 sets"], ["created_at", "2019-08-16 14:49:14.381904"], ["updated_at", "2019-08-16 14:49:14.381904"]]
  ↳ db/seeds.rb:16
  [1m[35m (0.6ms)[0m  [1m[36mcommit transaction[0m
  ↳ db/seeds.rb:16
  [1m[35m (0.0ms)[0m  [1m[36mbegin transaction[0m
  ↳ db/seeds.rb:17
  [1m[36mWorkout Create (0.2ms)[0m  [1m[32mINSERT INTO "workouts" ("name", "description", "video_url", "notes", "created_at", "updated_at") VALUES (?, ?, ?, ?, ?, ?)[0m  [["name", "Tricep Kickback"], ["description", "Starting Position: Hold a dumbbell in your left hand and assume a split-stance position placing your right leg forward, but keeping your weight evenly distributed through the heels of both feet. Stiffen your torso by contracting your abdominal and core muscles ('bracing'). Place your right hand on your right thigh or knee and slowly lean forward, transferring most of your upper extremity body weight into that right side. Depress and retract your left scapula (pull your shoulder down and back) and maintain this position throughout the exercise. Your head should be aligned with your spine."], ["video_url", "https://youtu.be/6HU218LHxEw"], ["notes", "3x10 for 3-4 sets"], ["created_at", "2019-08-16 14:49:14.384276"], ["updated_at", "2019-08-16 14:49:14.384276"]]
  ↳ db/seeds.rb:17
  [1m[35m (1.0ms)[0m  [1m[36mcommit transaction[0m
  ↳ db/seeds.rb:17
  [1m[35m (0.0ms)[0m  [1m[36mbegin transaction[0m
  ↳ db/seeds.rb:18
  [1m[36mWorkout Create (0.2ms)[0m  [1m[32mINSERT INTO "workouts" ("name", "description", "video_url", "notes", "created_at", "updated_at") VALUES (?, ?, ?, ?, ?, ?)[0m  [["name", "Dumbbell Chest Press"], ["description", "Starting Position: Grasp two dumbbells and lie supine (on your back) on a flat bench with your feet firmly placed on the floor or upon a raised platform to allow you to maintain a flat or neutral (flat) spine. If working with a spotter, signal the spotter for assistance in handing you your the dumbbells."], ["video_url", "https://youtu.be/1Qi4IzoyRP4"], ["notes", "3x10 for 3-4 sets"], ["created_at", "2019-08-16 14:49:14.386979"], ["updated_at", "2019-08-16 14:49:14.386979"]]
  ↳ db/seeds.rb:18
  [1m[35m (1.1ms)[0m  [1m[36mcommit transaction[0m
  ↳ db/seeds.rb:18
  [1m[35m (0.1ms)[0m  [1m[36mbegin transaction[0m
  ↳ db/seeds.rb:19
  [1m[36mWorkout Create (1.7ms)[0m  [1m[32mINSERT INTO "workouts" ("name", "description", "video_url", "notes", "created_at", "updated_at") VALUES (?, ?, ?, ?, ?, ?)[0m  [["name", "Leg Press"], ["description", "Adjust the bottom position of the machine and seat yourself. Select an appropriate load for your training, and then plant your feet a little wider than shoulder width on the platform. Grasp the handles, maintaining good spinal position with your chest up and your head looking forward. This will be your starting position. Driving through the heels of your feet, extend through the hips and knees to push the sled upward. Do not lock out your knees. After holding the top position for a movement, return to the starting position without fully returning the weight to the stack."], ["video_url", "https://youtu.be/GvRgijoJ2xY"], ["notes", "Do Often until the pain goes away"], ["created_at", "2019-08-16 14:49:14.420842"], ["updated_at", "2019-08-16 14:49:14.420842"]]
  ↳ db/seeds.rb:19
  [1m[35m (0.9ms)[0m  [1m[36mcommit transaction[0m
  ↳ db/seeds.rb:19
  [1m[36mWorkout Load (2.4ms)[0m  [1m[34mSELECT  "workouts".* FROM "workouts" LIMIT ?[0m  [["LIMIT", 11]]
  [1m[36mUser Load (0.9ms)[0m  [1m[34mSELECT  "users".* FROM "users" LIMIT ?[0m  [["LIMIT", 11]]
  [1m[36mUser Load (0.2ms)[0m  [1m[34mSELECT  "users".* FROM "users" WHERE "users"."id" = ? LIMIT ?[0m  [["id", 1], ["LIMIT", 1]]
  [1m[36mWorkout Load (0.4ms)[0m  [1m[34mSELECT  "workouts".* FROM "workouts" INNER JOIN "user_workouts" ON "workouts"."id" = "user_workouts"."workout_id" WHERE "user_workouts"."user_id" = ? LIMIT ?[0m  [["user_id", 1], ["LIMIT", 11]]
  [1m[36mWorkout Load (0.2ms)[0m  [1m[34mSELECT  "workouts".* FROM "workouts" WHERE "workouts"."id" = ? LIMIT ?[0m  [["id", 1], ["LIMIT", 1]]
  [1m[35m (0.1ms)[0m  [1m[36mbegin transaction[0m
  [1m[36mUserWorkout Create (2.7ms)[0m  [1m[32mINSERT INTO "user_workouts" ("user_id", "workout_id", "created_at", "updated_at") VALUES (?, ?, ?, ?)[0m  [["user_id", 1], ["workout_id", 1], ["created_at", "2019-08-16 14:57:34.160229"], ["updated_at", "2019-08-16 14:57:34.160229"]]
  [1m[35m (0.7ms)[0m  [1m[36mcommit transaction[0m
  [1m[36mWorkout Load (0.1ms)[0m  [1m[34mSELECT  "workouts".* FROM "workouts" INNER JOIN "user_workouts" ON "workouts"."id" = "user_workouts"."workout_id" WHERE "user_workouts"."user_id" = ? LIMIT ?[0m  [["user_id", 1], ["LIMIT", 11]]
  [1m[36mWorkout Load (0.1ms)[0m  [1m[34mSELECT  "workouts".* FROM "workouts" INNER JOIN "user_workouts" ON "workouts"."id" = "user_workouts"."workout_id" WHERE "user_workouts"."user_id" = ? LIMIT ?[0m  [["user_id", 1], ["LIMIT", 11]]
  [1m[36mUser Load (0.2ms)[0m  [1m[34mSELECT  "users".* FROM "users" INNER JOIN "user_workouts" ON "users"."id" = "user_workouts"."user_id" WHERE "user_workouts"."workout_id" = ? LIMIT ?[0m  [["workout_id", 1], ["LIMIT", 11]]
  [1m[36mWorkout Load (0.2ms)[0m  [1m[34mSELECT  "workouts".* FROM "workouts" WHERE "workouts"."id" = ? LIMIT ?[0m  [["id", 2], ["LIMIT", 1]]
  [1m[35m (0.1ms)[0m  [1m[36mbegin transaction[0m
  [1m[36mUserWorkout Create (0.6ms)[0m  [1m[32mINSERT INTO "user_workouts" ("user_id", "workout_id", "created_at", "updated_at") VALUES (?, ?, ?, ?)[0m  [["user_id", 1], ["workout_id", 2], ["created_at", "2019-08-16 14:59:53.435703"], ["updated_at", "2019-08-16 14:59:53.435703"]]
  [1m[35m (0.6ms)[0m  [1m[36mcommit transaction[0m
  [1m[36mWorkout Load (0.2ms)[0m  [1m[34mSELECT  "workouts".* FROM "workouts" INNER JOIN "user_workouts" ON "workouts"."id" = "user_workouts"."workout_id" WHERE "user_workouts"."user_id" = ? LIMIT ?[0m  [["user_id", 1], ["LIMIT", 11]]
  [1m[36mUser Load (0.1ms)[0m  [1m[34mSELECT  "users".* FROM "users" WHERE "users"."id" = ? LIMIT ?[0m  [["id", 2], ["LIMIT", 1]]
  [1m[36mUser Load (0.1ms)[0m  [1m[34mSELECT  "users".* FROM "users" WHERE "users"."id" = ? LIMIT ?[0m  [["id", 3], ["LIMIT", 1]]
  [1m[36mWorkout Load (0.1ms)[0m  [1m[34mSELECT  "workouts".* FROM "workouts" WHERE "workouts"."id" = ? LIMIT ?[0m  [["id", 2], ["LIMIT", 1]]
  [1m[36mWorkout Load (0.1ms)[0m  [1m[34mSELECT  "workouts".* FROM "workouts" WHERE "workouts"."id" = ? LIMIT ?[0m  [["id", 3], ["LIMIT", 1]]
  [1m[36mWorkout Load (0.1ms)[0m  [1m[34mSELECT  "workouts".* FROM "workouts" WHERE "workouts"."id" = ? LIMIT ?[0m  [["id", 4], ["LIMIT", 1]]
  [1m[35m (0.1ms)[0m  [1m[36mbegin transaction[0m
  [1m[36mUserWorkout Create (1.1ms)[0m  [1m[32mINSERT INTO "user_workouts" ("user_id", "workout_id", "created_at", "updated_at") VALUES (?, ?, ?, ?)[0m  [["user_id", 2], ["workout_id", 2], ["created_at", "2019-08-16 15:01:38.981804"], ["updated_at", "2019-08-16 15:01:38.981804"]]
  [1m[35m (1.0ms)[0m  [1m[36mcommit transaction[0m
  [1m[36mWorkout Load (0.1ms)[0m  [1m[34mSELECT  "workouts".* FROM "workouts" INNER JOIN "user_workouts" ON "workouts"."id" = "user_workouts"."workout_id" WHERE "user_workouts"."user_id" = ? LIMIT ?[0m  [["user_id", 2], ["LIMIT", 11]]
  [1m[35m (0.1ms)[0m  [1m[36mbegin transaction[0m
  [1m[36mUserWorkout Create (0.4ms)[0m  [1m[32mINSERT INTO "user_workouts" ("user_id", "workout_id", "created_at", "updated_at") VALUES (?, ?, ?, ?)[0m  [["user_id", 2], ["workout_id", 4], ["created_at", "2019-08-16 15:01:41.848439"], ["updated_at", "2019-08-16 15:01:41.848439"]]
  [1m[35m (2.4ms)[0m  [1m[36mcommit transaction[0m
  [1m[36mWorkout Load (0.1ms)[0m  [1m[34mSELECT  "workouts".* FROM "workouts" INNER JOIN "user_workouts" ON "workouts"."id" = "user_workouts"."workout_id" WHERE "user_workouts"."user_id" = ? LIMIT ?[0m  [["user_id", 2], ["LIMIT", 11]]
  [1m[35m (0.1ms)[0m  [1m[36mbegin transaction[0m
  [1m[36mUserWorkout Create (0.4ms)[0m  [1m[32mINSERT INTO "user_workouts" ("user_id", "workout_id", "created_at", "updated_at") VALUES (?, ?, ?, ?)[0m  [["user_id", 3], ["workout_id", 1], ["created_at", "2019-08-16 15:01:50.894636"], ["updated_at", "2019-08-16 15:01:50.894636"]]
  [1m[35m (0.7ms)[0m  [1m[36mcommit transaction[0m
  [1m[36mWorkout Load (0.1ms)[0m  [1m[34mSELECT  "workouts".* FROM "workouts" INNER JOIN "user_workouts" ON "workouts"."id" = "user_workouts"."workout_id" WHERE "user_workouts"."user_id" = ? LIMIT ?[0m  [["user_id", 3], ["LIMIT", 11]]
  [1m[35m (0.1ms)[0m  [1m[36mbegin transaction[0m
  [1m[36mUserWorkout Create (0.5ms)[0m  [1m[32mINSERT INTO "user_workouts" ("user_id", "workout_id", "created_at", "updated_at") VALUES (?, ?, ?, ?)[0m  [["user_id", 3], ["workout_id", 2], ["created_at", "2019-08-16 15:01:54.874731"], ["updated_at", "2019-08-16 15:01:54.874731"]]
  [1m[35m (0.8ms)[0m  [1m[36mcommit transaction[0m
  [1m[36mWorkout Load (0.1ms)[0m  [1m[34mSELECT  "workouts".* FROM "workouts" INNER JOIN "user_workouts" ON "workouts"."id" = "user_workouts"."workout_id" WHERE "user_workouts"."user_id" = ? LIMIT ?[0m  [["user_id", 3], ["LIMIT", 11]]
  [1m[35m (0.1ms)[0m  [1m[36mbegin transaction[0m
  [1m[36mUserWorkout Create (0.8ms)[0m  [1m[32mINSERT INTO "user_workouts" ("user_id", "workout_id", "created_at", "updated_at") VALUES (?, ?, ?, ?)[0m  [["user_id", 3], ["workout_id", 3], ["created_at", "2019-08-16 15:02:00.335862"], ["updated_at", "2019-08-16 15:02:00.335862"]]
  [1m[35m (1.8ms)[0m  [1m[36mcommit transaction[0m
  [1m[36mWorkout Load (0.1ms)[0m  [1m[34mSELECT  "workouts".* FROM "workouts" INNER JOIN "user_workouts" ON "workouts"."id" = "user_workouts"."workout_id" WHERE "user_workouts"."user_id" = ? LIMIT ?[0m  [["user_id", 3], ["LIMIT", 11]]
  [1m[35m (1.5ms)[0m  [1m[34mSELECT "schema_migrations"."version" FROM "schema_migrations" ORDER BY "schema_migrations"."version" ASC[0m
  ↳ bin/rails:9
  [1m[36mActiveRecord::InternalMetadata Load (0.6ms)[0m  [1m[34mSELECT  "ar_internal_metadata".* FROM "ar_internal_metadata" WHERE "ar_internal_metadata"."key" = ? LIMIT ?[0m  [["key", "environment"], ["LIMIT", 1]]
  ↳ bin/rails:9
  [1m[35m (0.1ms)[0m  [1m[36mbegin transaction[0m
  ↳ bin/rails:9
  [1m[35m (0.4ms)[0m  [1m[36mcommit transaction[0m
  ↳ bin/rails:9
  [1m[35m (0.1ms)[0m  [1m[34mSELECT "schema_migrations"."version" FROM "schema_migrations" ORDER BY "schema_migrations"."version" ASC[0m
  ↳ bin/rails:9
Started GET "/" for ::1 at 2019-08-16 13:48:49 -0400
  [1m[35m (1.4ms)[0m  [1m[34mSELECT "schema_migrations"."version" FROM "schema_migrations" ORDER BY "schema_migrations"."version" ASC[0m
  ↳ /Users/flatironschool/.rvm/gems/ruby-2.6.3/gems/activerecord-5.2.3/lib/active_record/log_subscriber.rb:98
Processing by Rails::WelcomeController#index as HTML
  Rendering /Users/flatironschool/.rvm/gems/ruby-2.6.3/gems/railties-5.2.3/lib/rails/templates/rails/welcome/index.html.erb
  Rendered /Users/flatironschool/.rvm/gems/ruby-2.6.3/gems/railties-5.2.3/lib/rails/templates/rails/welcome/index.html.erb (7.1ms)
Completed 200 OK in 19ms (Views: 16.2ms | ActiveRecord: 0.0ms)


Started GET "/favicon.ico" for ::1 at 2019-08-16 13:48:49 -0400
  
ActionController::RoutingError (No route matches [GET] "/favicon.ico"):
  
actionpack (5.2.3) lib/action_dispatch/middleware/debug_exceptions.rb:65:in `call'
actionpack (5.2.3) lib/action_dispatch/middleware/show_exceptions.rb:33:in `call'
railties (5.2.3) lib/rails/rack/logger.rb:38:in `call_app'
railties (5.2.3) lib/rails/rack/logger.rb:26:in `block in call'
activesupport (5.2.3) lib/active_support/tagged_logging.rb:71:in `block in tagged'
activesupport (5.2.3) lib/active_support/tagged_logging.rb:28:in `tagged'
activesupport (5.2.3) lib/active_support/tagged_logging.rb:71:in `tagged'
railties (5.2.3) lib/rails/rack/logger.rb:26:in `call'
actionpack (5.2.3) lib/action_dispatch/middleware/remote_ip.rb:81:in `call'
actionpack (5.2.3) lib/action_dispatch/middleware/request_id.rb:27:in `call'
rack (2.0.7) lib/rack/runtime.rb:22:in `call'
activesupport (5.2.3) lib/active_support/cache/strategy/local_cache_middleware.rb:29:in `call'
actionpack (5.2.3) lib/action_dispatch/middleware/executor.rb:14:in `call'
actionpack (5.2.3) lib/action_dispatch/middleware/static.rb:127:in `call'
rack (2.0.7) lib/rack/sendfile.rb:111:in `call'
rack-cors (1.0.3) lib/rack/cors.rb:95:in `call'
railties (5.2.3) lib/rails/engine.rb:524:in `call'
puma (3.12.1) lib/puma/configuration.rb:227:in `call'
puma (3.12.1) lib/puma/server.rb:660:in `handle_request'
puma (3.12.1) lib/puma/server.rb:474:in `process_client'
puma (3.12.1) lib/puma/server.rb:334:in `block in run'
puma (3.12.1) lib/puma/thread_pool.rb:135:in `block in spawn_thread'
Started GET "/workouts" for ::1 at 2019-08-16 13:48:56 -0400
Processing by WorkoutsController#index as HTML
Completed 500 Internal Server Error in 3ms (ActiveRecord: 0.0ms)


  
NameError (uninitialized constant WorkoutsController::Workouts):
  
app/controllers/workouts_controller.rb:5:in `index'
Started GET "/workouts" for ::1 at 2019-08-16 13:49:21 -0400
Processing by WorkoutsController#index as HTML
Completed 500 Internal Server Error in 1ms (ActiveRecord: 0.0ms)


  
NameError (uninitialized constant WorkoutsController::Workouts):
  
app/controllers/workouts_controller.rb:5:in `index'
Started GET "/workouts" for ::1 at 2019-08-16 13:49:43 -0400
Processing by WorkoutsController#index as HTML
  [1m[36mWorkout Load (1.2ms)[0m  [1m[34mSELECT "workouts".* FROM "workouts"[0m
  ↳ app/controllers/workouts_controller.rb:6
Completed 200 OK in 26ms (Views: 10.8ms | ActiveRecord: 1.9ms)


Started GET "/workouts" for ::1 at 2019-08-16 14:00:50 -0400
Processing by WorkoutsController#index as */*
  [1m[36mWorkout Load (2.3ms)[0m  [1m[34mSELECT "workouts".* FROM "workouts"[0m
  ↳ app/controllers/workouts_controller.rb:6
Completed 200 OK in 23ms (Views: 13.9ms | ActiveRecord: 3.8ms)


Started GET "/workouts" for ::1 at 2019-08-16 14:02:58 -0400
Processing by WorkoutsController#index as */*
  [1m[36mWorkout Load (0.2ms)[0m  [1m[34mSELECT "workouts".* FROM "workouts"[0m
  ↳ app/controllers/workouts_controller.rb:6
Completed 200 OK in 3ms (Views: 2.3ms | ActiveRecord: 0.2ms)


Started GET "/workouts" for ::1 at 2019-08-16 14:07:50 -0400
Processing by WorkoutsController#index as */*
  [1m[36mWorkout Load (0.1ms)[0m  [1m[34mSELECT "workouts".* FROM "workouts"[0m
  ↳ app/controllers/workouts_controller.rb:6
Completed 200 OK in 2ms (Views: 1.3ms | ActiveRecord: 0.1ms)


Started GET "/workouts" for ::1 at 2019-08-16 14:08:02 -0400
Processing by WorkoutsController#index as */*
  [1m[36mWorkout Load (0.2ms)[0m  [1m[34mSELECT "workouts".* FROM "workouts"[0m
  ↳ app/controllers/workouts_controller.rb:6
Completed 200 OK in 3ms (Views: 2.3ms | ActiveRecord: 0.2ms)


Started GET "/workouts" for ::1 at 2019-08-16 14:29:22 -0400
  [1m[35m (1.5ms)[0m  [1m[34mSELECT "schema_migrations"."version" FROM "schema_migrations" ORDER BY "schema_migrations"."version" ASC[0m
  ↳ /Users/flatironschool/.rvm/gems/ruby-2.6.3/gems/activerecord-5.2.3/lib/active_record/log_subscriber.rb:98
Processing by WorkoutsController#index as */*
  [1m[36mWorkout Load (1.3ms)[0m  [1m[34mSELECT "workouts".* FROM "workouts"[0m
  ↳ app/controllers/workouts_controller.rb:6
Completed 200 OK in 55ms (Views: 36.5ms | ActiveRecord: 2.7ms)


Started GET "/workouts" for ::1 at 2019-08-16 16:19:59 -0400
  [1m[35m (1.6ms)[0m  [1m[34mSELECT "schema_migrations"."version" FROM "schema_migrations" ORDER BY "schema_migrations"."version" ASC[0m
  ↳ /Users/flatironschool/.rvm/gems/ruby-2.6.3/gems/activerecord-5.2.3/lib/active_record/log_subscriber.rb:98
Processing by WorkoutsController#index as */*
  [1m[36mWorkout Load (1.2ms)[0m  [1m[34mSELECT "workouts".* FROM "workouts"[0m
  ↳ app/controllers/workouts_controller.rb:6
Completed 200 OK in 22ms (Views: 10.1ms | ActiveRecord: 1.9ms)


  [1m[36mWorkout Load (0.5ms)[0m  [1m[34mSELECT  "workouts".* FROM "workouts" LIMIT ?[0m  [["LIMIT", 11]]
  [1m[36mUser Load (1.5ms)[0m  [1m[34mSELECT  "users".* FROM "users" LIMIT ?[0m  [["LIMIT", 11]]
  [1m[36mUser Load (0.2ms)[0m  [1m[34mSELECT  "users".* FROM "users" LIMIT ?[0m  [["LIMIT", 11]]
  [1m[36mUser Load (0.3ms)[0m  [1m[34mSELECT  "users".* FROM "users" LIMIT ?[0m  [["LIMIT", 11]]
  [1m[36mUser Load (0.2ms)[0m  [1m[34mSELECT  "users".* FROM "users" LIMIT ?[0m  [["LIMIT", 11]]
  [1m[36mUser Load (0.5ms)[0m  [1m[34mSELECT  "users".* FROM "users" LIMIT ?[0m  [["LIMIT", 11]]
  [1m[36mUser Load (0.2ms)[0m  [1m[34mSELECT  "users".* FROM "users" LIMIT ?[0m  [["LIMIT", 11]]
  [1m[36mUser Load (0.2ms)[0m  [1m[34mSELECT  "users".* FROM "users" LIMIT ?[0m  [["LIMIT", 11]]
  [1m[36mUser Load (0.3ms)[0m  [1m[34mSELECT  "users".* FROM "users" LIMIT ?[0m  [["LIMIT", 11]]
  [1m[36mUser Load (0.6ms)[0m  [1m[34mSELECT  "users".* FROM "users" LIMIT ?[0m  [["LIMIT", 11]]
  [1m[36mUser Load (0.3ms)[0m  [1m[34mSELECT  "users".* FROM "users" WHERE "users"."id" = ? LIMIT ?[0m  [["id", 1], ["LIMIT", 1]]
  [1m[36mWorkout Load (0.3ms)[0m  [1m[34mSELECT  "workouts".* FROM "workouts" WHERE "workouts"."id" = ? LIMIT ?[0m  [["id", 1], ["LIMIT", 1]]
  [1m[36mWorkout Load (0.8ms)[0m  [1m[34mSELECT  "workouts".* FROM "workouts" INNER JOIN "user_workouts" ON "workouts"."id" = "user_workouts"."workout_id" WHERE "user_workouts"."user_id" = ? LIMIT ?[0m  [["user_id", 1], ["LIMIT", 11]]
  [1m[36mWorkout Load (0.3ms)[0m  [1m[34mSELECT  "workouts".* FROM "workouts" INNER JOIN "user_workouts" ON "workouts"."id" = "user_workouts"."workout_id" WHERE "user_workouts"."user_id" = ? LIMIT ?[0m  [["user_id", 1], ["LIMIT", 11]]
  [1m[36mUserWorkout Load (0.3ms)[0m  [1m[34mSELECT  "user_workouts".* FROM "user_workouts" WHERE "user_workouts"."user_id" = ? LIMIT ?[0m  [["user_id", 1], ["LIMIT", 11]]
  [1m[36mUserWorkout Load (0.2ms)[0m  [1m[34mSELECT  "user_workouts".* FROM "user_workouts" WHERE "user_workouts"."user_id" = ? LIMIT ?[0m  [["user_id", 1], ["LIMIT", 11]]
  [1m[36mUserWorkout Load (0.2ms)[0m  [1m[34mSELECT  "user_workouts".* FROM "user_workouts" WHERE "user_workouts"."user_id" = ? LIMIT ?[0m  [["user_id", 1], ["LIMIT", 11]]
  [1m[36mUserWorkout Load (0.2ms)[0m  [1m[34mSELECT  "user_workouts".* FROM "user_workouts" WHERE "user_workouts"."user_id" = ? LIMIT ?[0m  [["user_id", 1], ["LIMIT", 11]]
  [1m[36mUserWorkout Load (0.4ms)[0m  [1m[34mSELECT  "user_workouts".* FROM "user_workouts" WHERE "user_workouts"."user_id" = ? LIMIT ?[0m  [["user_id", 1], ["LIMIT", 11]]
  [1m[36mUserWorkout Load (0.2ms)[0m  [1m[34mSELECT  "user_workouts".* FROM "user_workouts" WHERE "user_workouts"."user_id" = ? LIMIT ?[0m  [["user_id", 1], ["LIMIT", 11]]
  [1m[36mUserWorkout Load (0.2ms)[0m  [1m[34mSELECT  "user_workouts".* FROM "user_workouts" WHERE "user_workouts"."user_id" = ? LIMIT ?[0m  [["user_id", 1], ["LIMIT", 11]]
  [1m[36mUserWorkout Load (0.3ms)[0m  [1m[34mSELECT  "user_workouts".* FROM "user_workouts" WHERE "user_workouts"."user_id" = ? LIMIT ?[0m  [["user_id", 1], ["LIMIT", 11]]
  [1m[36mUserWorkout Load (0.4ms)[0m  [1m[34mSELECT "user_workouts".* FROM "user_workouts" WHERE "user_workouts"."user_id" = ?[0m  [["user_id", 1]]
  [1m[36mWorkout Load (0.2ms)[0m  [1m[34mSELECT  "workouts".* FROM "workouts" INNER JOIN "user_workouts" ON "workouts"."id" = "user_workouts"."workout_id" WHERE "user_workouts"."user_id" = ? LIMIT ?[0m  [["user_id", 1], ["LIMIT", 11]]
  [1m[36mWorkout Load (0.4ms)[0m  [1m[34mSELECT "workouts".* FROM "workouts" INNER JOIN "user_workouts" ON "workouts"."id" = "user_workouts"."workout_id" WHERE "user_workouts"."user_id" = ?[0m  [["user_id", 1]]
Started GET "/workouts" for ::1 at 2019-08-18 07:30:24 -0400
  [1m[35m (1.5ms)[0m  [1m[34mSELECT "schema_migrations"."version" FROM "schema_migrations" ORDER BY "schema_migrations"."version" ASC[0m
  ↳ /Users/flatironschool/.rvm/gems/ruby-2.6.3/gems/activerecord-5.2.3/lib/active_record/log_subscriber.rb:98
Processing by WorkoutsController#index as */*
  [1m[36mWorkout Load (1.3ms)[0m  [1m[34mSELECT "workouts".* FROM "workouts"[0m
  ↳ app/controllers/workouts_controller.rb:6
Completed 200 OK in 31ms (Views: 18.3ms | ActiveRecord: 2.0ms)


Started GET "/workouts" for ::1 at 2019-08-18 07:30:32 -0400
Processing by WorkoutsController#index as */*
  [1m[36mWorkout Load (0.1ms)[0m  [1m[34mSELECT "workouts".* FROM "workouts"[0m
  ↳ app/controllers/workouts_controller.rb:6
Completed 200 OK in 2ms (Views: 1.8ms | ActiveRecord: 0.1ms)


Started GET "/workouts" for ::1 at 2019-08-18 07:32:34 -0400
Processing by WorkoutsController#index as */*
  [1m[36mWorkout Load (0.3ms)[0m  [1m[34mSELECT "workouts".* FROM "workouts"[0m
  ↳ app/controllers/workouts_controller.rb:6
Completed 200 OK in 5ms (Views: 4.0ms | ActiveRecord: 0.3ms)


Started GET "/workouts" for ::1 at 2019-08-18 07:33:52 -0400
Processing by WorkoutsController#index as */*
  [1m[36mWorkout Load (0.7ms)[0m  [1m[34mSELECT "workouts".* FROM "workouts"[0m
  ↳ app/controllers/workouts_controller.rb:6
Completed 200 OK in 5ms (Views: 3.8ms | ActiveRecord: 0.7ms)


Started GET "/workouts" for ::1 at 2019-08-18 07:34:56 -0400
Processing by WorkoutsController#index as */*
  [1m[36mWorkout Load (0.2ms)[0m  [1m[34mSELECT "workouts".* FROM "workouts"[0m
  ↳ app/controllers/workouts_controller.rb:6
Completed 200 OK in 4ms (Views: 3.1ms | ActiveRecord: 0.2ms)


Started GET "/workouts" for ::1 at 2019-08-18 07:35:54 -0400
Processing by WorkoutsController#index as */*
  [1m[36mWorkout Load (0.2ms)[0m  [1m[34mSELECT "workouts".* FROM "workouts"[0m
  ↳ app/controllers/workouts_controller.rb:6
Completed 200 OK in 3ms (Views: 2.2ms | ActiveRecord: 0.2ms)


Started GET "/workouts" for ::1 at 2019-08-18 07:36:15 -0400
Processing by WorkoutsController#index as */*
  [1m[36mWorkout Load (0.2ms)[0m  [1m[34mSELECT "workouts".* FROM "workouts"[0m
  ↳ app/controllers/workouts_controller.rb:6
Completed 200 OK in 2ms (Views: 2.1ms | ActiveRecord: 0.2ms)


Started GET "/workouts" for ::1 at 2019-08-18 07:38:28 -0400
Processing by WorkoutsController#index as */*
  [1m[36mWorkout Load (0.2ms)[0m  [1m[34mSELECT "workouts".* FROM "workouts"[0m
  ↳ app/controllers/workouts_controller.rb:6
Completed 200 OK in 3ms (Views: 3.0ms | ActiveRecord: 0.2ms)


Started GET "/workouts" for ::1 at 2019-08-18 07:39:19 -0400
Processing by WorkoutsController#index as */*
  [1m[36mWorkout Load (0.2ms)[0m  [1m[34mSELECT "workouts".* FROM "workouts"[0m
  ↳ app/controllers/workouts_controller.rb:6
Completed 200 OK in 3ms (Views: 2.4ms | ActiveRecord: 0.2ms)


Started GET "/workouts" for ::1 at 2019-08-18 07:40:35 -0400
Processing by WorkoutsController#index as */*
  [1m[36mWorkout Load (0.2ms)[0m  [1m[34mSELECT "workouts".* FROM "workouts"[0m
  ↳ app/controllers/workouts_controller.rb:6
Completed 200 OK in 3ms (Views: 2.6ms | ActiveRecord: 0.2ms)


  [1m[36mUser Load (1.5ms)[0m  [1m[34mSELECT  "users".* FROM "users" WHERE "users"."id" = ? LIMIT ?[0m  [["id", 1], ["LIMIT", 1]]
  [1m[36mWorkout Load (1.7ms)[0m  [1m[34mSELECT  "workouts".* FROM "workouts" INNER JOIN "user_workouts" ON "workouts"."id" = "user_workouts"."workout_id" WHERE "user_workouts"."user_id" = ? LIMIT ?[0m  [["user_id", 1], ["LIMIT", 11]]
  [1m[36mUserWorkout Load (0.6ms)[0m  [1m[34mSELECT  "user_workouts".* FROM "user_workouts" WHERE "user_workouts"."user_id" = ? LIMIT ?[0m  [["user_id", 1], ["LIMIT", 11]]
  [1m[36mUserWorkout Load (0.5ms)[0m  [1m[34mSELECT "user_workouts".* FROM "user_workouts" WHERE "user_workouts"."user_id" = ?[0m  [["user_id", 1]]
Started GET "/workouts" for ::1 at 2019-08-18 07:49:20 -0400
Processing by WorkoutsController#index as */*
  [1m[36mWorkout Load (0.3ms)[0m  [1m[34mSELECT "workouts".* FROM "workouts"[0m
  ↳ app/controllers/workouts_controller.rb:6
Completed 200 OK in 2ms (Views: 2.0ms | ActiveRecord: 0.3ms)


Started GET "/workouts" for ::1 at 2019-08-18 07:50:16 -0400
Processing by WorkoutsController#index as */*
  [1m[36mWorkout Load (0.1ms)[0m  [1m[34mSELECT "workouts".* FROM "workouts"[0m
  ↳ app/controllers/workouts_controller.rb:6
Completed 200 OK in 2ms (Views: 1.9ms | ActiveRecord: 0.1ms)


Started GET "/workouts" for ::1 at 2019-08-18 07:52:57 -0400
Processing by WorkoutsController#index as */*
  [1m[36mWorkout Load (0.2ms)[0m  [1m[34mSELECT "workouts".* FROM "workouts"[0m
  ↳ app/controllers/workouts_controller.rb:6
Completed 200 OK in 3ms (Views: 2.4ms | ActiveRecord: 0.2ms)


Started GET "/workouts" for ::1 at 2019-08-18 07:55:27 -0400
Processing by WorkoutsController#index as */*
  [1m[36mWorkout Load (0.2ms)[0m  [1m[34mSELECT "workouts".* FROM "workouts"[0m
  ↳ app/controllers/workouts_controller.rb:6
Completed 200 OK in 5ms (Views: 4.2ms | ActiveRecord: 0.2ms)


Started GET "/workouts" for ::1 at 2019-08-18 08:30:39 -0400
Processing by WorkoutsController#index as */*
  [1m[36mWorkout Load (0.2ms)[0m  [1m[34mSELECT "workouts".* FROM "workouts"[0m
  ↳ app/controllers/workouts_controller.rb:6
Completed 200 OK in 21ms (Views: 13.9ms | ActiveRecord: 1.0ms)


Started GET "/workouts" for ::1 at 2019-08-18 08:30:48 -0400
Processing by WorkoutsController#index as */*
  [1m[36mWorkout Load (0.4ms)[0m  [1m[34mSELECT "workouts".* FROM "workouts"[0m
  ↳ app/controllers/workouts_controller.rb:6
Completed 200 OK in 4ms (Views: 3.1ms | ActiveRecord: 0.4ms)


Started GET "/workouts" for ::1 at 2019-08-18 08:34:37 -0400
Processing by WorkoutsController#index as */*
  [1m[36mWorkout Load (0.1ms)[0m  [1m[34mSELECT "workouts".* FROM "workouts"[0m
  ↳ app/controllers/workouts_controller.rb:6
Completed 200 OK in 4ms (Views: 3.1ms | ActiveRecord: 0.1ms)


Started GET "/workouts" for ::1 at 2019-08-18 08:34:51 -0400
Processing by WorkoutsController#index as */*
  [1m[36mWorkout Load (0.2ms)[0m  [1m[34mSELECT "workouts".* FROM "workouts"[0m
  ↳ app/controllers/workouts_controller.rb:6
Completed 200 OK in 2ms (Views: 2.0ms | ActiveRecord: 0.2ms)


Started GET "/workouts" for ::1 at 2019-08-18 08:35:12 -0400
Processing by WorkoutsController#index as */*
  [1m[36mWorkout Load (0.2ms)[0m  [1m[34mSELECT "workouts".* FROM "workouts"[0m
  ↳ app/controllers/workouts_controller.rb:6
Completed 200 OK in 2ms (Views: 1.6ms | ActiveRecord: 0.2ms)


Started GET "/workouts" for ::1 at 2019-08-18 08:35:53 -0400
Processing by WorkoutsController#index as */*
  [1m[36mWorkout Load (0.1ms)[0m  [1m[34mSELECT "workouts".* FROM "workouts"[0m
  ↳ app/controllers/workouts_controller.rb:6
Completed 200 OK in 2ms (Views: 1.3ms | ActiveRecord: 0.1ms)


Started GET "/workouts" for ::1 at 2019-08-18 08:36:23 -0400
Processing by WorkoutsController#index as */*
  [1m[36mWorkout Load (0.4ms)[0m  [1m[34mSELECT "workouts".* FROM "workouts"[0m
  ↳ app/controllers/workouts_controller.rb:6
Completed 200 OK in 4ms (Views: 3.5ms | ActiveRecord: 0.4ms)


Started GET "/workouts" for ::1 at 2019-08-18 08:36:46 -0400
Processing by WorkoutsController#index as */*
  [1m[36mWorkout Load (0.2ms)[0m  [1m[34mSELECT "workouts".* FROM "workouts"[0m
  ↳ app/controllers/workouts_controller.rb:6
Completed 200 OK in 3ms (Views: 2.4ms | ActiveRecord: 0.2ms)


Started GET "/workouts" for ::1 at 2019-08-18 08:39:33 -0400
Processing by WorkoutsController#index as */*
  [1m[36mWorkout Load (0.3ms)[0m  [1m[34mSELECT "workouts".* FROM "workouts"[0m
  ↳ app/controllers/workouts_controller.rb:6
Completed 200 OK in 4ms (Views: 3.4ms | ActiveRecord: 0.3ms)


Started GET "/workouts" for ::1 at 2019-08-18 08:40:08 -0400
Processing by WorkoutsController#index as */*
  [1m[36mWorkout Load (0.1ms)[0m  [1m[34mSELECT "workouts".* FROM "workouts"[0m
  ↳ app/controllers/workouts_controller.rb:6
Completed 200 OK in 3ms (Views: 2.3ms | ActiveRecord: 0.1ms)


Started GET "/workouts" for ::1 at 2019-08-18 08:40:13 -0400
Processing by WorkoutsController#index as */*
  [1m[36mWorkout Load (0.2ms)[0m  [1m[34mSELECT "workouts".* FROM "workouts"[0m
  ↳ app/controllers/workouts_controller.rb:6
Completed 200 OK in 2ms (Views: 1.7ms | ActiveRecord: 0.2ms)


Started GET "/workouts" for ::1 at 2019-08-18 08:40:36 -0400
Processing by WorkoutsController#index as */*
  [1m[36mWorkout Load (0.3ms)[0m  [1m[34mSELECT "workouts".* FROM "workouts"[0m
  ↳ app/controllers/workouts_controller.rb:6
Completed 200 OK in 4ms (Views: 3.1ms | ActiveRecord: 0.3ms)


Started GET "/workouts" for ::1 at 2019-08-18 08:40:42 -0400
Processing by WorkoutsController#index as */*
  [1m[36mWorkout Load (0.2ms)[0m  [1m[34mSELECT "workouts".* FROM "workouts"[0m
  ↳ app/controllers/workouts_controller.rb:6
Completed 200 OK in 4ms (Views: 3.5ms | ActiveRecord: 0.2ms)


Started GET "/workouts" for ::1 at 2019-08-18 08:41:30 -0400
Processing by WorkoutsController#index as */*
  [1m[36mWorkout Load (0.2ms)[0m  [1m[34mSELECT "workouts".* FROM "workouts"[0m
  ↳ app/controllers/workouts_controller.rb:6
Completed 200 OK in 3ms (Views: 2.4ms | ActiveRecord: 0.2ms)


Started GET "/workouts" for ::1 at 2019-08-18 08:41:32 -0400
Processing by WorkoutsController#index as */*
  [1m[36mWorkout Load (0.2ms)[0m  [1m[34mSELECT "workouts".* FROM "workouts"[0m
  ↳ app/controllers/workouts_controller.rb:6
Completed 200 OK in 3ms (Views: 2.1ms | ActiveRecord: 0.2ms)


Started GET "/workouts" for ::1 at 2019-08-18 08:41:54 -0400
Processing by WorkoutsController#index as */*
  [1m[36mWorkout Load (0.2ms)[0m  [1m[34mSELECT "workouts".* FROM "workouts"[0m
  ↳ app/controllers/workouts_controller.rb:6
Completed 200 OK in 3ms (Views: 2.5ms | ActiveRecord: 0.2ms)


Started GET "/workouts" for ::1 at 2019-08-18 08:41:56 -0400
Processing by WorkoutsController#index as */*
  [1m[36mWorkout Load (0.2ms)[0m  [1m[34mSELECT "workouts".* FROM "workouts"[0m
  ↳ app/controllers/workouts_controller.rb:6
Completed 200 OK in 3ms (Views: 2.4ms | ActiveRecord: 0.2ms)


Started GET "/workouts" for ::1 at 2019-08-18 08:41:57 -0400
Processing by WorkoutsController#index as */*
  [1m[36mWorkout Load (0.2ms)[0m  [1m[34mSELECT "workouts".* FROM "workouts"[0m
  ↳ app/controllers/workouts_controller.rb:6
Completed 200 OK in 3ms (Views: 2.8ms | ActiveRecord: 0.2ms)


Started GET "/workouts" for ::1 at 2019-08-18 08:41:58 -0400
Processing by WorkoutsController#index as */*
  [1m[36mWorkout Load (0.2ms)[0m  [1m[34mSELECT "workouts".* FROM "workouts"[0m
  ↳ app/controllers/workouts_controller.rb:6
Completed 200 OK in 21ms (Views: 20.0ms | ActiveRecord: 0.2ms)


Started GET "/workouts" for ::1 at 2019-08-18 08:41:59 -0400
Processing by WorkoutsController#index as */*
  [1m[36mWorkout Load (0.1ms)[0m  [1m[34mSELECT "workouts".* FROM "workouts"[0m
  ↳ app/controllers/workouts_controller.rb:6
Completed 200 OK in 2ms (Views: 1.6ms | ActiveRecord: 0.1ms)


Started GET "/workouts" for ::1 at 2019-08-18 08:41:59 -0400
Processing by WorkoutsController#index as */*
  [1m[36mWorkout Load (0.2ms)[0m  [1m[34mSELECT "workouts".* FROM "workouts"[0m
  ↳ app/controllers/workouts_controller.rb:6
Completed 200 OK in 3ms (Views: 2.6ms | ActiveRecord: 0.2ms)


Started GET "/workouts" for ::1 at 2019-08-18 08:42:00 -0400
Processing by WorkoutsController#index as */*
  [1m[36mWorkout Load (0.2ms)[0m  [1m[34mSELECT "workouts".* FROM "workouts"[0m
  ↳ app/controllers/workouts_controller.rb:6
Completed 200 OK in 3ms (Views: 2.8ms | ActiveRecord: 0.2ms)


Started GET "/workouts" for ::1 at 2019-08-18 08:42:01 -0400
Processing by WorkoutsController#index as */*
  [1m[36mWorkout Load (0.3ms)[0m  [1m[34mSELECT "workouts".* FROM "workouts"[0m
  ↳ app/controllers/workouts_controller.rb:6
Completed 200 OK in 2ms (Views: 1.5ms | ActiveRecord: 0.3ms)


Started GET "/workouts" for ::1 at 2019-08-18 08:42:02 -0400
Processing by WorkoutsController#index as */*
  [1m[36mWorkout Load (0.1ms)[0m  [1m[34mSELECT "workouts".* FROM "workouts"[0m
  ↳ app/controllers/workouts_controller.rb:6
Completed 200 OK in 4ms (Views: 3.1ms | ActiveRecord: 0.1ms)


Started GET "/workouts" for ::1 at 2019-08-18 08:42:02 -0400
Processing by WorkoutsController#index as */*
  [1m[36mWorkout Load (0.2ms)[0m  [1m[34mSELECT "workouts".* FROM "workouts"[0m
  ↳ app/controllers/workouts_controller.rb:6
Completed 200 OK in 2ms (Views: 1.9ms | ActiveRecord: 0.2ms)


Started GET "/workouts" for ::1 at 2019-08-18 08:42:04 -0400
Processing by WorkoutsController#index as */*
  [1m[36mWorkout Load (0.2ms)[0m  [1m[34mSELECT "workouts".* FROM "workouts"[0m
  ↳ app/controllers/workouts_controller.rb:6
Completed 200 OK in 4ms (Views: 3.6ms | ActiveRecord: 0.2ms)


Started GET "/workouts" for ::1 at 2019-08-18 08:42:13 -0400
Processing by WorkoutsController#index as */*
  [1m[36mWorkout Load (0.2ms)[0m  [1m[34mSELECT "workouts".* FROM "workouts"[0m
  ↳ app/controllers/workouts_controller.rb:6
Completed 200 OK in 3ms (Views: 2.5ms | ActiveRecord: 0.2ms)


Started GET "/workouts" for ::1 at 2019-08-18 08:43:11 -0400
Processing by WorkoutsController#index as */*
  [1m[36mWorkout Load (0.2ms)[0m  [1m[34mSELECT "workouts".* FROM "workouts"[0m
  ↳ app/controllers/workouts_controller.rb:6
Completed 200 OK in 2ms (Views: 1.5ms | ActiveRecord: 0.2ms)


Started GET "/" for ::1 at 2019-08-18 08:44:25 -0400
Processing by Rails::WelcomeController#index as HTML
  Rendering /Users/flatironschool/.rvm/gems/ruby-2.6.3/gems/railties-5.2.3/lib/rails/templates/rails/welcome/index.html.erb
  Rendered /Users/flatironschool/.rvm/gems/ruby-2.6.3/gems/railties-5.2.3/lib/rails/templates/rails/welcome/index.html.erb (4.1ms)
Completed 200 OK in 15ms (Views: 11.9ms | ActiveRecord: 0.0ms)


Started GET "/users" for ::1 at 2019-08-18 08:44:31 -0400
  
SyntaxError (/Users/flatironschool/dev/mod3/week3/FitFlow/FitFlow_Backend/app/controllers/users_controller.rb:14: syntax error, unexpected end-of-input, expecting end):
  
app/controllers/users_controller.rb:14: syntax error, unexpected end-of-input, expecting end
Started GET "/users" for ::1 at 2019-08-18 08:45:15 -0400
Processing by UsersController#index as HTML
  [1m[36mUser Load (0.2ms)[0m  [1m[34mSELECT "users".* FROM "users"[0m
  ↳ app/controllers/users_controller.rb:6
Completed 200 OK in 11ms (Views: 7.8ms | ActiveRecord: 0.7ms)


Started GET "/user_workouts" for ::1 at 2019-08-18 09:06:34 -0400
Processing by UserWorkoutsController#index as HTML
Completed 500 Internal Server Error in 3ms (ActiveRecord: 0.0ms)


  
NameError (uninitialized constant UserWorkoutsController::UserWorkouts):
  
app/controllers/user_workouts_controller.rb:4:in `index'
Started GET "/user_workouts" for ::1 at 2019-08-18 09:07:01 -0400
Processing by UserWorkoutsController#index as HTML
  [1m[36mUserWorkout Load (0.2ms)[0m  [1m[34mSELECT "user_workouts".* FROM "user_workouts"[0m
  ↳ app/controllers/user_workouts_controller.rb:5
Completed 200 OK in 13ms (Views: 7.5ms | ActiveRecord: 1.3ms)


Started GET "/user_workouts/1" for ::1 at 2019-08-18 09:13:50 -0400
Processing by UserWorkoutsController#show as HTML
  Parameters: {"id"=>"1"}
  [1m[36mUser Load (0.2ms)[0m  [1m[34mSELECT  "users".* FROM "users" WHERE "users"."id" = ? LIMIT ?[0m  [["id", 1], ["LIMIT", 1]]
  ↳ app/controllers/user_workouts_controller.rb:9
  [1m[36mUserWorkout Load (0.2ms)[0m  [1m[34mSELECT "user_workouts".* FROM "user_workouts" WHERE "user_workouts"."user_id" = ?[0m  [["user_id", 1]]
  ↳ app/controllers/user_workouts_controller.rb:12
Completed 200 OK in 29ms (Views: 13.2ms | ActiveRecord: 1.6ms)


Started GET "/user_workouts/2" for ::1 at 2019-08-18 09:14:04 -0400
Processing by UserWorkoutsController#show as HTML
  Parameters: {"id"=>"2"}
  [1m[36mUser Load (0.2ms)[0m  [1m[34mSELECT  "users".* FROM "users" WHERE "users"."id" = ? LIMIT ?[0m  [["id", 2], ["LIMIT", 1]]
  ↳ app/controllers/user_workouts_controller.rb:9
  [1m[36mUserWorkout Load (0.2ms)[0m  [1m[34mSELECT "user_workouts".* FROM "user_workouts" WHERE "user_workouts"."user_id" = ?[0m  [["user_id", 2]]
  ↳ app/controllers/user_workouts_controller.rb:12
Completed 200 OK in 8ms (Views: 3.9ms | ActiveRecord: 0.4ms)


Started GET "/user_workouts/2" for ::1 at 2019-08-18 09:14:44 -0400
Processing by UserWorkoutsController#show as HTML
  Parameters: {"id"=>"2"}
  [1m[36mUser Load (0.2ms)[0m  [1m[34mSELECT  "users".* FROM "users" WHERE "users"."id" = ? LIMIT ?[0m  [["id", 2], ["LIMIT", 1]]
  ↳ app/controllers/user_workouts_controller.rb:9
  [1m[36mUserWorkout Load (0.2ms)[0m  [1m[34mSELECT  "user_workouts".* FROM "user_workouts" WHERE "user_workouts"."user_id" = ? LIMIT ?[0m  [["user_id", 2], ["LIMIT", 11]]
  ↳ /Users/flatironschool/.rvm/rubies/ruby-2.6.3/lib/ruby/gems/2.6.0/gems/did_you_mean-1.3.0/lib/did_you_mean/core_ext/name_error.rb:8
Completed 500 Internal Server Error in 27ms (ActiveRecord: 1.1ms)


  
  [1m[36mCACHE UserWorkout Load (0.0ms)[0m  [1m[34mSELECT  "user_workouts".* FROM "user_workouts" WHERE "user_workouts"."user_id" = ? LIMIT ?[0m  [["user_id", 2], ["LIMIT", 11]]
  ↳ /Users/flatironschool/.rvm/rubies/ruby-2.6.3/lib/ruby/gems/2.6.0/gems/did_you_mean-1.3.0/lib/did_you_mean/core_ext/name_error.rb:8
NoMethodError (undefined method `user_id' for #<UserWorkout::ActiveRecord_Associations_CollectionProxy:0x00007fca3c0b2260>):
  
app/controllers/user_workouts_controller.rb:12:in `show'
Started GET "/user_workouts/2" for ::1 at 2019-08-18 09:15:01 -0400
Processing by UserWorkoutsController#show as HTML
  Parameters: {"id"=>"2"}
  [1m[36mUser Load (0.2ms)[0m  [1m[34mSELECT  "users".* FROM "users" WHERE "users"."id" = ? LIMIT ?[0m  [["id", 2], ["LIMIT", 1]]
  ↳ app/controllers/user_workouts_controller.rb:9
  [1m[36mUserWorkout Load (0.1ms)[0m  [1m[34mSELECT "user_workouts".* FROM "user_workouts" WHERE "user_workouts"."user_id" = ?[0m  [["user_id", 2]]
  ↳ app/controllers/user_workouts_controller.rb:12
Completed 200 OK in 19ms (Views: 6.8ms | ActiveRecord: 1.4ms)


  [1m[36mUser Load (0.2ms)[0m  [1m[34mSELECT  "users".* FROM "users" WHERE "users"."id" = ? LIMIT ?[0m  [["id", 1], ["LIMIT", 1]]
  [1m[36mWorkout Load (0.4ms)[0m  [1m[34mSELECT  "workouts".* FROM "workouts" INNER JOIN "user_workouts" ON "workouts"."id" = "user_workouts"."workout_id" WHERE "user_workouts"."user_id" = ? LIMIT ?[0m  [["user_id", 1], ["LIMIT", 11]]
  [1m[36mWorkout Load (0.4ms)[0m  [1m[34mSELECT  "workouts".* FROM "workouts" INNER JOIN "user_workouts" ON "workouts"."id" = "user_workouts"."workout_id" WHERE "user_workouts"."user_id" = ? LIMIT ?[0m  [["user_id", 1], ["LIMIT", 11]]
  [1m[36mWorkout Load (0.4ms)[0m  [1m[34mSELECT "workouts".* FROM "workouts" INNER JOIN "user_workouts" ON "workouts"."id" = "user_workouts"."workout_id" WHERE "user_workouts"."user_id" = ?[0m  [["user_id", 1]]
Started GET "/user_workouts/2" for ::1 at 2019-08-18 09:20:04 -0400
Processing by UserWorkoutsController#show as HTML
  Parameters: {"id"=>"2"}
  [1m[36mUser Load (0.1ms)[0m  [1m[34mSELECT  "users".* FROM "users" WHERE "users"."id" = ? LIMIT ?[0m  [["id", 2], ["LIMIT", 1]]
  ↳ app/controllers/user_workouts_controller.rb:9
Completed 500 Internal Server Error in 119ms (ActiveRecord: 0.8ms)


  
NameError (undefined local variable or method `a' for #<UserWorkoutsController:0x00007fca3894cd20>):
  
app/controllers/user_workouts_controller.rb:11:in `show'
Started GET "/user_workouts/2" for ::1 at 2019-08-18 09:21:14 -0400
Processing by UserWorkoutsController#show as HTML
  Parameters: {"id"=>"2"}
  [1m[36mUser Load (0.2ms)[0m  [1m[34mSELECT  "users".* FROM "users" WHERE "users"."id" = ? LIMIT ?[0m  [["id", 2], ["LIMIT", 1]]
  ↳ app/controllers/user_workouts_controller.rb:9
  [1m[36mWorkout Load (0.2ms)[0m  [1m[34mSELECT "workouts".* FROM "workouts" INNER JOIN "user_workouts" ON "workouts"."id" = "user_workouts"."workout_id" WHERE "user_workouts"."user_id" = ?[0m  [["user_id", 2]]
  ↳ app/controllers/user_workouts_controller.rb:11
Completed 200 OK in 37ms (Views: 0.2ms | ActiveRecord: 1.7ms)


Started GET "/user_workouts/2" for ::1 at 2019-08-18 09:22:07 -0400
  
SyntaxError (/Users/flatironschool/dev/mod3/week3/FitFlow/FitFlow_Backend/app/controllers/user_workouts_controller.rb:11: syntax error, unexpected tLABEL, expecting '}'
...{ id: user.workouts[0].id user: user, workouts: user.workout...
...                          ^~~~~
/Users/flatironschool/dev/mod3/week3/FitFlow/FitFlow_Backend/app/controllers/user_workouts_controller.rb:11: syntax error, unexpected '}', expecting end
... user, workouts: user.workouts} 
...                              ^):
  
app/controllers/user_workouts_controller.rb:11: syntax error, unexpected tLABEL, expecting '}'
app/controllers/user_workouts_controller.rb:11: syntax error, unexpected '}', expecting end
Started GET "/user_workouts/2" for ::1 at 2019-08-18 09:23:14 -0400
  
SyntaxError (/Users/flatironschool/dev/mod3/week3/FitFlow/FitFlow_Backend/app/controllers/user_workouts_controller.rb:11: syntax error, unexpected tLABEL, expecting '}'
...{ id: user.workouts[0].id user: user} 
...                          ^~~~~):
  
app/controllers/user_workouts_controller.rb:11: syntax error, unexpected tLABEL, expecting '}'
Started GET "/user_workouts/2" for ::1 at 2019-08-18 09:23:32 -0400
Processing by UserWorkoutsController#show as HTML
  Parameters: {"id"=>"2"}
  [1m[36mUser Load (0.1ms)[0m  [1m[34mSELECT  "users".* FROM "users" WHERE "users"."id" = ? LIMIT ?[0m  [["id", 2], ["LIMIT", 1]]
  ↳ app/controllers/user_workouts_controller.rb:9
Completed 200 OK in 9ms (Views: 0.4ms | ActiveRecord: 0.6ms)


Started GET "/user_workouts/2" for ::1 at 2019-08-18 09:24:15 -0400
Processing by UserWorkoutsController#show as HTML
  Parameters: {"id"=>"2"}
  [1m[36mUser Load (0.1ms)[0m  [1m[34mSELECT  "users".* FROM "users" WHERE "users"."id" = ? LIMIT ?[0m  [["id", 2], ["LIMIT", 1]]
  ↳ app/controllers/user_workouts_controller.rb:9
  [1m[36mWorkout Load (0.1ms)[0m  [1m[34mSELECT "workouts".* FROM "workouts" INNER JOIN "user_workouts" ON "workouts"."id" = "user_workouts"."workout_id" WHERE "user_workouts"."user_id" = ?[0m  [["user_id", 2]]
  ↳ app/controllers/user_workouts_controller.rb:11
Completed 200 OK in 28ms (Views: 8.4ms | ActiveRecord: 1.5ms)


Started GET "/user_workouts/2" for ::1 at 2019-08-18 09:24:44 -0400
Processing by UserWorkoutsController#show as HTML
  Parameters: {"id"=>"2"}
  [1m[36mUser Load (0.1ms)[0m  [1m[34mSELECT  "users".* FROM "users" WHERE "users"."id" = ? LIMIT ?[0m  [["id", 2], ["LIMIT", 1]]
  ↳ app/controllers/user_workouts_controller.rb:9
  [1m[36mWorkout Load (0.1ms)[0m  [1m[34mSELECT "workouts".* FROM "workouts" INNER JOIN "user_workouts" ON "workouts"."id" = "user_workouts"."workout_id" WHERE "user_workouts"."user_id" = ?[0m  [["user_id", 2]]
  ↳ app/controllers/user_workouts_controller.rb:11
Completed 200 OK in 3ms (Views: 2.3ms | ActiveRecord: 0.3ms)


Started GET "/user_workouts/2" for ::1 at 2019-08-18 09:24:46 -0400
Processing by UserWorkoutsController#show as HTML
  Parameters: {"id"=>"2"}
  [1m[36mUser Load (0.2ms)[0m  [1m[34mSELECT  "users".* FROM "users" WHERE "users"."id" = ? LIMIT ?[0m  [["id", 2], ["LIMIT", 1]]
  ↳ app/controllers/user_workouts_controller.rb:9
  [1m[36mWorkout Load (0.2ms)[0m  [1m[34mSELECT "workouts".* FROM "workouts" INNER JOIN "user_workouts" ON "workouts"."id" = "user_workouts"."workout_id" WHERE "user_workouts"."user_id" = ?[0m  [["user_id", 2]]
  ↳ app/controllers/user_workouts_controller.rb:11
Completed 200 OK in 38ms (Views: 21.7ms | ActiveRecord: 1.8ms)


Started GET "/user_workouts/2" for ::1 at 2019-08-18 09:25:27 -0400
Processing by UserWorkoutsController#show as HTML
  Parameters: {"id"=>"2"}
  [1m[36mUser Load (0.1ms)[0m  [1m[34mSELECT  "users".* FROM "users" WHERE "users"."id" = ? LIMIT ?[0m  [["id", 2], ["LIMIT", 1]]
  ↳ app/controllers/user_workouts_controller.rb:9
  [1m[36mWorkout Load (0.1ms)[0m  [1m[34mSELECT "workouts".* FROM "workouts" INNER JOIN "user_workouts" ON "workouts"."id" = "user_workouts"."workout_id" WHERE "user_workouts"."user_id" = ?[0m  [["user_id", 2]]
  ↳ app/controllers/user_workouts_controller.rb:11
Completed 500 Internal Server Error in 25ms (ActiveRecord: 1.4ms)


  
NoMethodError (undefined method `work' for #<User:0x00007fca3c1daf20>):
  
app/controllers/user_workouts_controller.rb:11:in `show'
Started GET "/user_workouts/2" for ::1 at 2019-08-18 09:25:35 -0400
Processing by UserWorkoutsController#show as HTML
  Parameters: {"id"=>"2"}
  [1m[36mUser Load (0.2ms)[0m  [1m[34mSELECT  "users".* FROM "users" WHERE "users"."id" = ? LIMIT ?[0m  [["id", 2], ["LIMIT", 1]]
  ↳ app/controllers/user_workouts_controller.rb:9
  [1m[36mWorkout Load (0.2ms)[0m  [1m[34mSELECT "workouts".* FROM "workouts" INNER JOIN "user_workouts" ON "workouts"."id" = "user_workouts"."workout_id" WHERE "user_workouts"."user_id" = ?[0m  [["user_id", 2]]
  ↳ app/controllers/user_workouts_controller.rb:11
Completed 500 Internal Server Error in 18ms (ActiveRecord: 0.4ms)


  
NoMethodError (undefined method `work' for #<User:0x00007fca3c3a0080>):
  
app/controllers/user_workouts_controller.rb:11:in `show'
Started GET "/user_workouts/2" for ::1 at 2019-08-18 09:25:36 -0400
Processing by UserWorkoutsController#show as HTML
  Parameters: {"id"=>"2"}
  [1m[36mUser Load (0.1ms)[0m  [1m[34mSELECT  "users".* FROM "users" WHERE "users"."id" = ? LIMIT ?[0m  [["id", 2], ["LIMIT", 1]]
  ↳ app/controllers/user_workouts_controller.rb:9
  [1m[36mWorkout Load (0.3ms)[0m  [1m[34mSELECT "workouts".* FROM "workouts" INNER JOIN "user_workouts" ON "workouts"."id" = "user_workouts"."workout_id" WHERE "user_workouts"."user_id" = ?[0m  [["user_id", 2]]
  ↳ app/controllers/user_workouts_controller.rb:11
Completed 200 OK in 26ms (Views: 1.5ms | ActiveRecord: 1.7ms)


  [1m[36mUser Load (0.1ms)[0m  [1m[34mSELECT  "users".* FROM "users" WHERE "users"."id" = ? LIMIT ?[0m  [["id", 2], ["LIMIT", 1]]
  [1m[36mWorkout Load (0.4ms)[0m  [1m[34mSELECT  "workouts".* FROM "workouts" INNER JOIN "user_workouts" ON "workouts"."id" = "user_workouts"."workout_id" WHERE "user_workouts"."user_id" = ? LIMIT ?[0m  [["user_id", 2], ["LIMIT", 11]]
  [1m[36mWorkout Load (0.2ms)[0m  [1m[34mSELECT  "workouts".* FROM "workouts" WHERE "workouts"."id" = ? LIMIT ?[0m  [["id", 1], ["LIMIT", 1]]
  [1m[35m (0.1ms)[0m  [1m[36mbegin transaction[0m
  [1m[36mUserWorkout Create (2.0ms)[0m  [1m[32mINSERT INTO "user_workouts" ("user_id", "workout_id", "created_at", "updated_at") VALUES (?, ?, ?, ?)[0m  [["user_id", 2], ["workout_id", 1], ["created_at", "2019-08-18 13:27:21.833325"], ["updated_at", "2019-08-18 13:27:21.833325"]]
  [1m[35m (1.4ms)[0m  [1m[36mcommit transaction[0m
  [1m[36mWorkout Load (0.1ms)[0m  [1m[34mSELECT  "workouts".* FROM "workouts" INNER JOIN "user_workouts" ON "workouts"."id" = "user_workouts"."workout_id" WHERE "user_workouts"."user_id" = ? LIMIT ?[0m  [["user_id", 2], ["LIMIT", 11]]
Started GET "/user_workouts/2" for ::1 at 2019-08-18 09:27:26 -0400
Processing by UserWorkoutsController#show as HTML
  Parameters: {"id"=>"2"}
  [1m[36mUser Load (0.2ms)[0m  [1m[34mSELECT  "users".* FROM "users" WHERE "users"."id" = ? LIMIT ?[0m  [["id", 2], ["LIMIT", 1]]
  ↳ app/controllers/user_workouts_controller.rb:9
  [1m[36mWorkout Load (0.3ms)[0m  [1m[34mSELECT "workouts".* FROM "workouts" INNER JOIN "user_workouts" ON "workouts"."id" = "user_workouts"."workout_id" WHERE "user_workouts"."user_id" = ?[0m  [["user_id", 2]]
  ↳ app/controllers/user_workouts_controller.rb:11
Completed 200 OK in 3ms (Views: 0.8ms | ActiveRecord: 0.5ms)


